{
  "stats": {
    "suites": 1,
    "tests": 6,
    "passes": 3,
    "pending": 0,
    "failures": 3,
    "start": "2022-07-28T19:13:14.258Z",
    "end": "2022-07-28T19:13:48.822Z",
    "duration": 34564,
    "testsRegistered": 6,
    "passPercent": 50,
    "pendingPercent": 0,
    "other": 0,
    "hasOther": false,
    "skipped": 0,
    "hasSkipped": false
  },
  "results": [
    {
      "uuid": "cdd8cb20-522c-4d90-82b7-14517eddbce7",
      "title": "",
      "fullFile": "cypress/integration/01.LoginPage_spec.js",
      "file": "cypress/integration/01.LoginPage_spec.js",
      "beforeHooks": [],
      "afterHooks": [],
      "tests": [],
      "suites": [
        {
          "uuid": "c8ca0936-afbb-438d-8a69-9f19e4d1e622",
          "title": "1 - Crie uma página inicial de login com os seguintes campos e características:",
          "fullFile": "",
          "file": "",
          "beforeHooks": [],
          "afterHooks": [],
          "tests": [
            {
              "title": "A rota para esta página deve ser '/'",
              "fullTitle": "1 - Crie uma página inicial de login com os seguintes campos e características: A rota para esta página deve ser '/'",
              "timedOut": null,
              "duration": 560,
              "state": "passed",
              "speed": "fast",
              "pass": true,
              "fail": false,
              "pending": false,
              "context": null,
              "code": "cy.location('pathname').should('eq', '/');",
              "err": {},
              "uuid": "39c14c04-a71c-47bf-ac49-35339507f959",
              "parentUUID": "c8ca0936-afbb-438d-8a69-9f19e4d1e622",
              "isHook": false,
              "skipped": false
            },
            {
              "title": "Crie um local para que o usuário insira seu email e senha",
              "fullTitle": "1 - Crie uma página inicial de login com os seguintes campos e características: Crie um local para que o usuário insira seu email e senha",
              "timedOut": null,
              "duration": 275,
              "state": "passed",
              "speed": "fast",
              "pass": true,
              "fail": false,
              "pending": false,
              "context": null,
              "code": "cy.getByTestId(_constants.EMAIL_INPUT_TEST_ID).should('exist');\ncy.getByTestId(_constants.PASSWORD_INPUT_TEST_ID).should('exist');",
              "err": {},
              "uuid": "d79af5ed-d238-445b-a8f3-313964093d60",
              "parentUUID": "c8ca0936-afbb-438d-8a69-9f19e4d1e622",
              "isHook": false,
              "skipped": false
            },
            {
              "title": "Crie um botão com o texto 'Entrar'",
              "fullTitle": "1 - Crie uma página inicial de login com os seguintes campos e características: Crie um botão com o texto 'Entrar'",
              "timedOut": null,
              "duration": 257,
              "state": "passed",
              "speed": "fast",
              "pass": true,
              "fail": false,
              "pending": false,
              "context": null,
              "code": "cy.contains(/Entrar/i).should('exist');",
              "err": {},
              "uuid": "d58816ab-7deb-4dce-b692-1fc7be370d74",
              "parentUUID": "c8ca0936-afbb-438d-8a69-9f19e4d1e622",
              "isHook": false,
              "skipped": false
            },
            {
              "title": "Realize as seguintes verificações nos campos de email, senha e botão:",
              "fullTitle": "1 - Crie uma página inicial de login com os seguintes campos e características: Realize as seguintes verificações nos campos de email, senha e botão:",
              "timedOut": null,
              "duration": 10617,
              "state": "failed",
              "speed": null,
              "pass": false,
              "fail": true,
              "pending": false,
              "context": null,
              "code": "cy.contains(/Entrar/i).should('be.disabled');\ncy.getByTestId(_constants.EMAIL_INPUT_TEST_ID).type(_constants.INVALID_EMAIL_0);\ncy.getByTestId(_constants.PASSWORD_INPUT_TEST_ID).type(_constants.VALID_PASSWORD);\ncy.contains(/Entrar/i).should('be.disabled');\ncy.getByTestId(_constants.EMAIL_INPUT_TEST_ID).clear().type(_constants.INVALID_EMAIL_1);\ncy.getByTestId(_constants.PASSWORD_INPUT_TEST_ID).clear().type(_constants.VALID_PASSWORD);\ncy.contains(/Entrar/i).should('be.disabled');\ncy.getByTestId(_constants.EMAIL_INPUT_TEST_ID).clear().type(_constants.INVALID_EMAIL_2);\ncy.getByTestId(_constants.PASSWORD_INPUT_TEST_ID).clear().type(_constants.VALID_PASSWORD);\ncy.contains(/Entrar/i).should('be.disabled');\ncy.getByTestId(_constants.EMAIL_INPUT_TEST_ID).clear().type(_constants.INVALID_EMAIL_3);\ncy.getByTestId(_constants.PASSWORD_INPUT_TEST_ID).clear().type(_constants.VALID_PASSWORD);\ncy.contains(/Entrar/i).should('be.disabled');\ncy.getByTestId(_constants.EMAIL_INPUT_TEST_ID).clear().type(_constants.VALID_EMAIL);\ncy.getByTestId(_constants.PASSWORD_INPUT_TEST_ID).clear().type(_constants.INVALID_PASSWORD);\ncy.contains(/Entrar/i).should('be.disabled');\ncy.getByTestId(_constants.EMAIL_INPUT_TEST_ID).clear().type(_constants.VALID_EMAIL);\ncy.getByTestId(_constants.PASSWORD_INPUT_TEST_ID).clear().type(_constants.VALID_PASSWORD);\ncy.contains(/Entrar/i).should('not.be.disabled');",
              "err": {
                "message": "AssertionError: Timed out retrying after 10000ms: expected '<button>' to be 'disabled'",
                "estack": "AssertionError: Timed out retrying after 10000ms: expected '<button>' to be 'disabled'\n    at Context.eval (http://localhost:3000/__cypress/tests?p=cypress/integration/01.LoginPage_spec.js:149:28)",
                "diff": null
              },
              "uuid": "b1603f36-3c62-401e-956a-7d5e85120617",
              "parentUUID": "c8ca0936-afbb-438d-8a69-9f19e4d1e622",
              "isHook": false,
              "skipped": false
            },
            {
              "title": "Salve o email no estado da aplicação, com a chave email, assim que o usuário logar.",
              "fullTitle": "1 - Crie uma página inicial de login com os seguintes campos e características: Salve o email no estado da aplicação, com a chave email, assim que o usuário logar.",
              "timedOut": null,
              "duration": 10912,
              "state": "failed",
              "speed": null,
              "pass": false,
              "fail": true,
              "pending": false,
              "context": null,
              "code": "(0, _helperFunctions.logInWithValidCredentials)();\ncy.window().its('store').invoke('getState').its('user.email').should('eq', _constants.VALID_EMAIL);",
              "err": {
                "message": "CypressError: Timed out retrying after 10000ms: `cy.its()` errored because the property: `store` does not exist on your subject.\n\n`cy.its()` waited for the specified property `store` to exist, but it never did.\n\nIf you do not expect the property `store` to exist, then add an assertion such as:\n\n`cy.wrap({ foo: 'bar' }).its('quux').should('not.exist')`\n\nhttps://on.cypress.io/its",
                "estack": "CypressError: Timed out retrying after 10000ms: `cy.its()` errored because the property: `store` does not exist on your subject.\n\n`cy.its()` waited for the specified property `store` to exist, but it never did.\n\nIf you do not expect the property `store` to exist, then add an assertion such as:\n\n`cy.wrap({ foo: 'bar' }).its('quux').should('not.exist')`\n\nhttps://on.cypress.io/its\n    at cypressErr (http://localhost:3000/__cypress/runner/cypress_runner.js:181711:18)\n    at Object.cypressErrByPath (http://localhost:3000/__cypress/runner/cypress_runner.js:181717:10)\n    at propertyNotOnSubjectErr (http://localhost:3000/__cypress/runner/cypress_runner.js:160578:83)\n    at traverseObjectAtPath (http://localhost:3000/__cypress/runner/cypress_runner.js:160665:24)\n    at getValue (http://localhost:3000/__cypress/runner/cypress_runner.js:160719:11)\n    at tryCatcher (http://localhost:3000/__cypress/runner/cypress_runner.js:13022:23)\n    at Function.Promise.attempt.Promise.try (http://localhost:3000/__cypress/runner/cypress_runner.js:10296:29)\n    at retryValue (http://localhost:3000/__cypress/runner/cypress_runner.js:160759:65)\n    at tryCatcher (http://localhost:3000/__cypress/runner/cypress_runner.js:13022:23)\n    at Function.Promise.attempt.Promise.try (http://localhost:3000/__cypress/runner/cypress_runner.js:10296:29)\n    at resolveValue (http://localhost:3000/__cypress/runner/cypress_runner.js:160766:65)\n    at tryCatcher (http://localhost:3000/__cypress/runner/cypress_runner.js:13022:23)\n    at Function.Promise.attempt.Promise.try (http://localhost:3000/__cypress/runner/cypress_runner.js:10296:29)\n    at whenStable (http://localhost:3000/__cypress/runner/cypress_runner.js:173835:65)\n    at http://localhost:3000/__cypress/runner/cypress_runner.js:173290:14\n    at tryCatcher (http://localhost:3000/__cypress/runner/cypress_runner.js:13022:23)\nFrom Your Spec Code:\n    at Context.eval (http://localhost:3000/__cypress/tests?p=cypress/integration/01.LoginPage_spec.js:168:17)",
                "diff": null
              },
              "uuid": "4368a50b-04fa-4e80-8854-19b3418141dd",
              "parentUUID": "c8ca0936-afbb-438d-8a69-9f19e4d1e622",
              "isHook": false,
              "skipped": false
            },
            {
              "title": "A rota deve ser mudada para '/carteira' após o clique no botão.",
              "fullTitle": "1 - Crie uma página inicial de login com os seguintes campos e características: A rota deve ser mudada para '/carteira' após o clique no botão.",
              "timedOut": null,
              "duration": 10744,
              "state": "failed",
              "speed": null,
              "pass": false,
              "fail": true,
              "pending": false,
              "context": null,
              "code": "(0, _helperFunctions.logInWithValidCredentials)();\ncy.location('pathname').should('eq', '/carteira');",
              "err": {
                "message": "AssertionError: Timed out retrying after 10000ms: expected '/' to equal '/carteira'",
                "estack": "AssertionError: Timed out retrying after 10000ms: expected '/' to equal '/carteira'\n    at Context.eval (http://localhost:3000/__cypress/tests?p=cypress/integration/01.LoginPage_spec.js:172:29)",
                "diff": "- '/'\n+ '/carteira'\n"
              },
              "uuid": "f259c8ea-a1e2-43ec-9f8b-be4e4941520c",
              "parentUUID": "c8ca0936-afbb-438d-8a69-9f19e4d1e622",
              "isHook": false,
              "skipped": false
            }
          ],
          "suites": [],
          "passes": [
            "39c14c04-a71c-47bf-ac49-35339507f959",
            "d79af5ed-d238-445b-a8f3-313964093d60",
            "d58816ab-7deb-4dce-b692-1fc7be370d74"
          ],
          "failures": [
            "b1603f36-3c62-401e-956a-7d5e85120617",
            "4368a50b-04fa-4e80-8854-19b3418141dd",
            "f259c8ea-a1e2-43ec-9f8b-be4e4941520c"
          ],
          "pending": [],
          "skipped": [],
          "duration": 33365,
          "root": false,
          "rootEmpty": false,
          "_timeout": 2000
        }
      ],
      "passes": [],
      "failures": [],
      "pending": [],
      "skipped": [],
      "duration": 0,
      "root": true,
      "rootEmpty": true,
      "_timeout": 2000
    }
  ],
  "meta": {
    "mocha": {
      "version": "7.0.1"
    },
    "mochawesome": {
      "options": {
        "quiet": false,
        "reportFilename": "mochawesome",
        "saveHtml": false,
        "saveJson": true,
        "consoleReporter": "spec",
        "useInlineDiffs": false,
        "code": true
      },
      "version": "7.1.3"
    },
    "marge": {
      "options": {
        "id": "default",
        "reportDir": "cypress/reports",
        "overwrite": false,
        "html": false,
        "json": true
      },
      "version": "6.2.0"
    }
  }
}