{
  "stats": {
    "suites": 1,
    "tests": 4,
    "passes": 0,
    "pending": 0,
    "failures": 4,
    "start": "2022-08-01T15:15:44.632Z",
    "end": "2022-08-01T15:15:45.013Z",
    "duration": 381,
    "testsRegistered": 4,
    "passPercent": 0,
    "pendingPercent": 0,
    "other": 0,
    "hasOther": false,
    "skipped": 0,
    "hasSkipped": false
  },
  "results": [
    {
      "uuid": "a90dafdd-874b-4c8e-af63-16f6d4f6ef50",
      "title": "",
      "fullFile": "cypress/integration/10.TestCoverage_spec.js",
      "file": "cypress/integration/10.TestCoverage_spec.js",
      "beforeHooks": [],
      "afterHooks": [],
      "tests": [],
      "suites": [
        {
          "uuid": "bde548c7-1ac8-43e9-a4f5-bbb9dbda6f5e",
          "title": "10 - Desenvolva testes para atingir 90% de cobertura total da aplicação",
          "fullFile": "",
          "file": "",
          "beforeHooks": [],
          "afterHooks": [],
          "tests": [
            {
              "title": "Cobertura de \"Statements\" total deverá ser maior ou igual a 90.",
              "fullTitle": "10 - Desenvolva testes para atingir 90% de cobertura total da aplicação Cobertura de \"Statements\" total deverá ser maior ou igual a 90.",
              "timedOut": null,
              "duration": 83,
              "state": "failed",
              "speed": null,
              "pass": false,
              "fail": true,
              "pending": false,
              "context": null,
              "code": "cy.task('getCoverage', (0, _getId.getId)()).its('total.statements.pct', {\n  timeout: 0\n}).should('be.gte', 90.00);",
              "err": {
                "message": "AssertionError: Timed out retrying after 0ms: expected 70.54 to be at least 90",
                "estack": "AssertionError: Timed out retrying after 0ms: expected 70.54 to be at least 90\n    at Context.eval (http://localhost:34483/__cypress/tests?p=cypress/integration/10.TestCoverage_spec.js:105:8)",
                "diff": "- 70.54\n+ 90\n"
              },
              "uuid": "05667c54-4ad7-4d57-958e-e5e5ecfb1fec",
              "parentUUID": "bde548c7-1ac8-43e9-a4f5-bbb9dbda6f5e",
              "isHook": false,
              "skipped": false
            },
            {
              "title": "Cobertura de \"Functions\" total deverá ser maior ou igual a 90.",
              "fullTitle": "10 - Desenvolva testes para atingir 90% de cobertura total da aplicação Cobertura de \"Functions\" total deverá ser maior ou igual a 90.",
              "timedOut": null,
              "duration": 28,
              "state": "failed",
              "speed": null,
              "pass": false,
              "fail": true,
              "pending": false,
              "context": null,
              "code": "cy.task('getCoverage', (0, _getId.getId)()).its('total.functions.pct', {\n  timeout: 0\n}).should('be.gte', 90.00);",
              "err": {
                "message": "AssertionError: Timed out retrying after 0ms: expected 61.54 to be at least 90",
                "estack": "AssertionError: Timed out retrying after 0ms: expected 61.54 to be at least 90\n    at Context.eval (http://localhost:34483/__cypress/tests?p=cypress/integration/10.TestCoverage_spec.js:110:8)",
                "diff": "- 61.54\n+ 90\n"
              },
              "uuid": "c68b78e2-8fe0-4b80-8e0e-bb1a4fb006cb",
              "parentUUID": "bde548c7-1ac8-43e9-a4f5-bbb9dbda6f5e",
              "isHook": false,
              "skipped": false
            },
            {
              "title": "Cobertura de \"Branches\" total deverá ser maior ou igual a 90.",
              "fullTitle": "10 - Desenvolva testes para atingir 90% de cobertura total da aplicação Cobertura de \"Branches\" total deverá ser maior ou igual a 90.",
              "timedOut": null,
              "duration": 30,
              "state": "failed",
              "speed": null,
              "pass": false,
              "fail": true,
              "pending": false,
              "context": null,
              "code": "cy.task('getCoverage', (0, _getId.getId)()).its('total.branches.pct', {\n  timeout: 0\n}).should('be.gte', 90.00);",
              "err": {
                "message": "AssertionError: Timed out retrying after 0ms: expected 58.33 to be at least 90",
                "estack": "AssertionError: Timed out retrying after 0ms: expected 58.33 to be at least 90\n    at Context.eval (http://localhost:34483/__cypress/tests?p=cypress/integration/10.TestCoverage_spec.js:115:8)",
                "diff": "- 58.33\n+ 90\n"
              },
              "uuid": "3c626323-fda2-4307-9475-4d5f7b5a324b",
              "parentUUID": "bde548c7-1ac8-43e9-a4f5-bbb9dbda6f5e",
              "isHook": false,
              "skipped": false
            },
            {
              "title": "Cobertura de \"Lines\" total deverá ser maior ou igual a 90.",
              "fullTitle": "10 - Desenvolva testes para atingir 90% de cobertura total da aplicação Cobertura de \"Lines\" total deverá ser maior ou igual a 90.",
              "timedOut": null,
              "duration": 45,
              "state": "failed",
              "speed": null,
              "pass": false,
              "fail": true,
              "pending": false,
              "context": null,
              "code": "cy.task('getCoverage', (0, _getId.getId)()).its('total.lines.pct', {\n  timeout: 0\n}).should('be.gte', 90.00);",
              "err": {
                "message": "AssertionError: Timed out retrying after 0ms: expected 72 to be at least 90",
                "estack": "AssertionError: Timed out retrying after 0ms: expected 72 to be at least 90\n    at Context.eval (http://localhost:34483/__cypress/tests?p=cypress/integration/10.TestCoverage_spec.js:120:8)",
                "diff": "- 72\n+ 90\n"
              },
              "uuid": "06cae0f9-eaed-40f6-99c1-abd83b338b4a",
              "parentUUID": "bde548c7-1ac8-43e9-a4f5-bbb9dbda6f5e",
              "isHook": false,
              "skipped": false
            }
          ],
          "suites": [],
          "passes": [],
          "failures": [
            "05667c54-4ad7-4d57-958e-e5e5ecfb1fec",
            "c68b78e2-8fe0-4b80-8e0e-bb1a4fb006cb",
            "3c626323-fda2-4307-9475-4d5f7b5a324b",
            "06cae0f9-eaed-40f6-99c1-abd83b338b4a"
          ],
          "pending": [],
          "skipped": [],
          "duration": 186,
          "root": false,
          "rootEmpty": false,
          "_timeout": 2000
        }
      ],
      "passes": [],
      "failures": [],
      "pending": [],
      "skipped": [],
      "duration": 0,
      "root": true,
      "rootEmpty": true,
      "_timeout": 2000
    }
  ],
  "meta": {
    "mocha": {
      "version": "7.0.1"
    },
    "mochawesome": {
      "options": {
        "quiet": false,
        "reportFilename": "mochawesome",
        "saveHtml": false,
        "saveJson": true,
        "consoleReporter": "spec",
        "useInlineDiffs": false,
        "code": true
      },
      "version": "7.1.3"
    },
    "marge": {
      "options": {
        "id": "default",
        "reportDir": "cypress/reports",
        "overwrite": false,
        "html": false,
        "json": true
      },
      "version": "6.2.0"
    }
  }
}